<?xml version="1.0" encoding="UTF-8"?>
<!-- Generated by org.testng.reporters.JUnitXMLReporter -->
<testsuite ignored="0" hostname="Irfan" failures="0" tests="3" name="Test" time="12.62" errors="0" timestamp="2024-05-28T20:04:14 IST">
  <testcase classname="api.test.UserTests2" name="testPostUser" time="4.395"/>
  <testcase classname="api.test.UserTests2" name="testgetUserByName" time="2.433"/>
  <testcase classname="api.test.UserTests2" name="testUpdateUser" time="4.135"/>
</testsuite> <!-- Test -->
