<?xml version="1.0" encoding="UTF-8"?>
<testng-results ignored="0" total="3" passed="3" failed="0" skipped="0">
  <reporter-output>
  </reporter-output>
  <suite started-at="2024-05-28T20:04:01 IST" name="Suite" finished-at="2024-05-28T20:04:14 IST" duration-ms="12620">
    <groups>
    </groups>
    <test started-at="2024-05-28T20:04:01 IST" name="Test" finished-at="2024-05-28T20:04:14 IST" duration-ms="12620">
      <class name="api.test.UserTests2">
        <test-method is-config="true" signature="setup()[pri:0, instance:api.test.UserTests2@3d285d7e]" started-at="2024-05-28T20:04:02 IST" name="setup" finished-at="2024-05-28T20:04:03 IST" duration-ms="1164" status="PASS">
          <reporter-output>
          </reporter-output>
        </test-method> <!-- setup -->
        <test-method signature="testPostUser()[pri:1, instance:api.test.UserTests2@3d285d7e]" started-at="2024-05-28T20:04:03 IST" name="testPostUser" finished-at="2024-05-28T20:04:07 IST" duration-ms="4395" status="PASS">
          <reporter-output>
          </reporter-output>
        </test-method> <!-- testPostUser -->
        <test-method signature="testgetUserByName()[pri:2, instance:api.test.UserTests2@3d285d7e]" started-at="2024-05-28T20:04:07 IST" name="testgetUserByName" finished-at="2024-05-28T20:04:10 IST" duration-ms="2433" status="PASS">
          <reporter-output>
          </reporter-output>
        </test-method> <!-- testgetUserByName -->
        <test-method signature="testUpdateUser()[pri:3, instance:api.test.UserTests2@3d285d7e]" started-at="2024-05-28T20:04:10 IST" name="testUpdateUser" finished-at="2024-05-28T20:04:14 IST" duration-ms="4135" status="PASS">
          <reporter-output>
          </reporter-output>
        </test-method> <!-- testUpdateUser -->
      </class> <!-- api.test.UserTests2 -->
    </test> <!-- Test -->
  </suite> <!-- Suite -->
</testng-results>
